<?xml version="1.0" encoding="UTF-8"?>
<!-- Generated by org.testng.reporters.JUnitReportReporter -->
<testsuite hostname="Yeasin" failures="0" tests="1" name="testCases.TC002_AccountLoginTest" time="1.028" errors="0" timestamp="2024-12-06T21:31:57 EST" skipped="0">
  <testcase classname="testCases.TC002_AccountLoginTest" name="verify_account_login" time="1.028"/>
</testsuite> <!-- testCases.TC002_AccountLoginTest -->
