<?xml version="1.0" encoding="UTF-8"?>
<!-- Generated by org.testng.reporters.JUnitReportReporter -->
<testsuite hostname="Yeasin" failures="0" tests="1" name="testCases.TC001_AccountRegistrationTest" time="4.578" errors="0" timestamp="2024-12-06T21:31:57 EST" skipped="0">
  <testcase classname="testCases.TC001_AccountRegistrationTest" name="verify_account_registration" time="4.578"/>
</testsuite> <!-- testCases.TC001_AccountRegistrationTest -->
