<?xml version="1.0" encoding="UTF-8"?>
<!-- Generated by org.testng.reporters.JUnitReportReporter -->
<testsuite hostname="Yeasin" failures="0" tests="1" name="testCases.TC002_AccountLoginTest" time="3.060" errors="0" timestamp="2024-12-07T07:11:36 EST" skipped="0">
  <testcase classname="testCases.TC002_AccountLoginTest" name="verify_account_login" time="3.060"/>
</testsuite> <!-- testCases.TC002_AccountLoginTest -->
