<?xml version="1.0" encoding="UTF-8"?>
<!-- Generated by org.testng.reporters.JUnitReportReporter -->
<testsuite hostname="Yeasin" failures="0" tests="1" name="testCases.TC001_AccountRegistrationTest" time="6.439" errors="0" timestamp="2024-12-07T07:11:36 EST" skipped="0">
  <testcase classname="testCases.TC001_AccountRegistrationTest" name="verify_account_registration" time="6.439"/>
</testsuite> <!-- testCases.TC001_AccountRegistrationTest -->
